[03:38:27] [ServerMain/INFO]: [bootstrap] Running Java 21 (OpenJDK 64-Bit Server VM 21.0.5+11-Ubuntu-1ubuntu120.04; Ubuntu null) on Linux 6.5.0-1025-azure (amd64)
[03:38:27] [ServerMain/INFO]: [bootstrap] Loading Paper 1.21-130-master@b1b5d4c (2024-08-10T10:02:42Z) for Minecraft 1.21
[03:38:27] [ServerMain/INFO]: [PluginInitializerManager] Initializing plugins...
[03:38:27] [ServerMain/INFO]: [PluginInitializerManager] Initialized 0 plugins
[03:38:28] [Paper Plugin Remapper Thread - 1/INFO]: [ReobfServer] Remapping server...
[03:38:33] [ServerMain/INFO]: Environment: Environment[sessionHost=https://sessionserver.mojang.com, servicesHost=https://api.minecraftservices.com, name=PROD]
[03:38:33] [ServerMain/INFO]: Found new data pack file/bukkit, loading it automatically
[03:38:33] [ServerMain/INFO]: Found new data pack paper, loading it automatically
[03:38:34] [ServerMain/INFO]: No existing world data, creating new world
[03:38:36] [ServerMain/INFO]: Loaded 1290 recipes
[03:38:36] [ServerMain/INFO]: Loaded 1399 advancements
[03:38:36] [Server thread/INFO]: Starting minecraft server version 1.21
[03:38:36] [Server thread/INFO]: Loading properties
[03:38:37] [Server thread/INFO]: This server is running Paper version 1.21-130-master@b1b5d4c (2024-08-10T10:02:42Z) (Implementing API version 1.21-R0.1-SNAPSHOT)
[03:38:37] [Paper Plugin Remapper Thread - 1/INFO]: [ReobfServer] Done remapping server in 9001ms.
[03:38:37] [Server thread/INFO]: [spark] This server bundles the spark profiler. For more information please visit https://docs.papermc.io/paper/profiling
[03:38:37] [Server thread/INFO]: Server Ping Player Sample Count: 12
[03:38:38] [Server thread/INFO]: Using 4 threads for Netty based IO
[03:38:38] [Server thread/INFO]: [ChunkTaskScheduler] Chunk system is using 1 I/O threads, 1 worker threads, and population gen parallelism of 1 threads
[03:38:39] [Server thread/INFO]: Default game type: SURVIVAL
[03:38:39] [Server thread/INFO]: Generating keypair
[03:38:39] [Server thread/INFO]: Starting Minecraft server on *:25565
[03:38:39] [Server thread/INFO]: Using epoll channel type
[03:38:39] [Server thread/INFO]: Paper: Using libdeflate (Linux x86_64) compression from Velocity.
[03:38:39] [Server thread/INFO]: Paper: Using OpenSSL 1.1.x (Linux x86_64) cipher from Velocity.
[03:38:39] [Server thread/WARN]: **** SERVER IS RUNNING IN OFFLINE/INSECURE MODE!
[03:38:39] [Server thread/WARN]: The server will make no attempt to authenticate usernames. Beware.
[03:38:39] [Server thread/WARN]: While this makes the game possible to play without internet access, it also opens up the ability for hackers to connect with any username they choose.
[03:38:39] [Server thread/WARN]: To change this, set "online-mode" to "true" in the server.properties file.
[03:38:39] [Server thread/INFO]: Preparing level "world"
[03:38:50] [Server thread/INFO]: Preparing start region for dimension minecraft:overworld
[03:38:55] [Server thread/INFO]: Time elapsed: 5189 ms
[03:38:55] [Server thread/INFO]: Preparing start region for dimension minecraft:the_nether
[03:38:57] [Server thread/INFO]: Time elapsed: 1904 ms
[03:38:57] [Server thread/INFO]: Preparing start region for dimension minecraft:the_end
[03:38:58] [Server thread/INFO]: Time elapsed: 489 ms
[03:38:58] [Server thread/INFO]: [spark] Starting background profiler...
[03:38:58] [Server thread/INFO]: Done preparing level "world" (19.379s)
[03:38:58] [Server thread/INFO]: Running delayed init tasks
[03:38:58] [Server thread/INFO]: Done (32.221s)! For help, type "help"
[03:38:58] [Server thread/INFO]: *************************************************************************************
[03:38:58] [Server thread/INFO]: This is the first time you're starting this server.
[03:38:58] [Server thread/INFO]: It's recommended you read our 'Getting Started' documentation for guidance.
[03:38:58] [Server thread/INFO]: View this and more helpful information here: https://docs.papermc.io/paper/next-steps
[03:38:58] [Server thread/INFO]: *************************************************************************************
[03:38:58] [Server thread/INFO]: Timings Reset
[03:39:57] [User Authenticator #0/INFO]: UUID of player elestress is c822d479-2e70-38ca-a25f-ec926c18f7d8
[03:40:00] [Server thread/INFO]: elestress joined the game
[03:40:00] [Server thread/INFO]: elestress[/[0:0:0:0:0:0:0:1%0]:33566] logged in with entity id 47 at ([world]-4.5, 69.0, 35.5)
[03:49:26] [User Authenticator #1/INFO]: UUID of player elestress is c822d479-2e70-38ca-a25f-ec926c18f7d8
[03:49:26] [Server thread/INFO]: elestress lost connection: You logged in from another location
[03:49:26] [Server thread/INFO]: elestress left the game
[03:49:27] [Server thread/INFO]: elestress joined the game
[03:49:27] [Server thread/INFO]: elestress[/[0:0:0:0:0:0:0:1%0]:42040] logged in with entity id 2501 at ([world]250.79545803859696, 65.0, 113.07965065676946)
[03:51:37] [Server thread/INFO]: elestress was slain by Husk
[03:52:12] [Server thread/INFO]: elestress lost connection: Timed out
[03:52:12] [Server thread/INFO]: elestress left the game
[05:08:14] [User Authenticator #2/INFO]: UUID of player elestress is c822d479-2e70-38ca-a25f-ec926c18f7d8
[05:08:16] [Server thread/INFO]: elestress joined the game
[05:08:16] [Server thread/INFO]: elestress[/[0:0:0:0:0:0:0:1%0]:57958] logged in with entity id 2858 at ([world]-6.497589435195396, 69.0, 28.18619122551805)
